BLOCKS: ['clear']
TOKENIZED_BLOCKS: [[['clear'], []]]
0th iteration.
Cleaning pipe...
Current pipe contents:
pipe.args: []
pipe.kwargs: []BLOCKS: ['ls']
TOKENIZED_BLOCKS: [[['ls'], []]]
0th iteration.
Cleaning pipe...
Current pipe contents:
pipe.args: []
pipe.kwargs: []BLOCKS: ['l']
TOKENIZED_BLOCKS: [[['l'], []]]
0th iteration.
Cleaning pipe...
Current pipe contents:
pipe.args: []
pipe.kwargs: []BLOCKS: ['ls']
TOKENIZED_BLOCKS: [[['ls'], []]]
0th iteration.
Cleaning pipe...
Current pipe contents:
pipe.args: []
pipe.kwargs: []BLOCKS: ['quit']
TOKENIZED_BLOCKS: [[['quit'], []]]
0th iteration.
Cleaning pipe...
Current pipe contents:
pipe.args: []
pipe.kwargs: []BLOCKS: ['exit']
TOKENIZED_BLOCKS: [[['exit'], []]]
0th iteration.
Cleaning pipe...
Current pipe contents:
pipe.args: []
pipe.kwargs: []